INFO:root:[64, 128, {'pi': [128, 64, 32], 'vf': [128, 64, 32]}]
INFO:root:{'observation': {'type': 'Kinematics', 'vehicles_count': 6, 'features': ['x', 'y', 'vx', 'vy', 'cos_h', 'sin_h'], 'features_range': {'x': [-100, 100], 'y': [-100, 100], 'vx': [-20, 20], 'vy': [-20, 20]}}, 'duration': 30, 'simulation_frequency': 15, 'policy_frequency': 15, 'spawn_probability': 0, 'action': {'type': 'ContinuousAction', 'acceleration_range': [-5, 5], 'steering_range': (-1.0471975511965976, 1.0471975511965976), 'longitudinal': True, 'lateral': True}, 'show_trajectories': False, 'initial_vehicle_count': 5, 'collision_reward': -500, 'lane_keep_reward': 10, 'high_speed_reward': 1, 'arrived_reward': 10, 'action_reward': 1, 'offroad_terminal': True}
INFO:root:[{'pi': [64, 64, 32, 32], 'vf': [64, 64, 32, 32]}]
INFO:root:{'observation': {'type': 'Kinematics', 'vehicles_count': 6, 'features': ['x', 'y', 'vx', 'vy', 'cos_h', 'sin_h'], 'features_range': {'x': [-100, 100], 'y': [-100, 100], 'vx': [-20, 20], 'vy': [-20, 20]}}, 'duration': 30, 'simulation_frequency': 15, 'policy_frequency': 15, 'spawn_probability': 0, 'action': {'type': 'ContinuousAction', 'acceleration_range': [-5, 5], 'steering_range': (-1.0471975511965976, 1.0471975511965976), 'longitudinal': True, 'lateral': True}, 'show_trajectories': False, 'initial_vehicle_count': 5, 'collision_reward': -500, 'lane_keep_reward': 10, 'high_speed_reward': 1, 'arrived_reward': 10, 'action_reward': 1, 'offroad_terminal': True}
INFO:root:[{'pi': [64, 64, 32, 32], 'vf': [64, 64, 32, 32]}]
INFO:root:{'observation': {'type': 'Kinematics', 'vehicles_count': 6, 'features': ['presence', 'x', 'y', 'vx', 'vy', 'cos_h', 'sin_h'], 'features_range': {'x': [-100, 100], 'y': [-100, 100], 'vx': [-20, 20], 'vy': [-20, 20]}}, 'duration': 30, 'simulation_frequency': 15, 'policy_frequency': 15, 'spawn_probability': 0, 'action': {'type': 'ContinuousAction', 'acceleration_range': [-5, 5], 'steering_range': (-1.0471975511965976, 1.0471975511965976), 'longitudinal': True, 'lateral': True}, 'show_trajectories': False, 'initial_vehicle_count': 5, 'collision_reward': -500, 'lane_keep_reward': 10, 'high_speed_reward': 1, 'arrived_reward': 10, 'action_reward': 1, 'offroad_terminal': True}
INFO:root:[-33.86168997677214, -172.27084299234167, 1704.3035914491024, -324.9630095148442, 1180.4919654532698, -14.036277872697212, -466.09170007295313, 2030.4133956577775, 1100.9433443727091, 1184.7298774865312, -95.53114170647302, 1092.0167737098125, 1961.5597756804061, -260.8036395846361, -183.3882126289509, 46.01144636194357, 20.80775890512524, -252.9302340510063, 118.31062579971126, 1300.168807629308]
INFO:root:[{'pi': [64, 64, 32, 32], 'vf': [64, 64, 32, 32]}]
INFO:root:{'observation': {'type': 'Kinematics', 'vehicles_count': 6, 'features': ['presence', 'x', 'y', 'vx', 'vy', 'cos_h', 'sin_h'], 'features_range': {'x': [-100, 100], 'y': [-100, 100], 'vx': [-20, 20], 'vy': [-20, 20]}}, 'duration': 30, 'simulation_frequency': 15, 'policy_frequency': 15, 'spawn_probability': 0, 'action': {'type': 'ContinuousAction', 'acceleration_range': [-5, 5], 'steering_range': (-1.0471975511965976, 1.0471975511965976), 'longitudinal': True, 'lateral': True}, 'show_trajectories': False, 'initial_vehicle_count': 5, 'collision_reward': -500, 'lane_keep_reward': 10, 'high_speed_reward': 1, 'arrived_reward': 10, 'action_reward': 1, 'offroad_terminal': True}
INFO:root:[2710.2255406093427, -21.57429277898723, 3066.931713761588, -222.21653174601312, 161.60794272191413, 38.792152095575545, 3.6476911861931853, 2006.5624435054183, -26.223496456726252, -57.17280282247356, 71.19906609608535, 269.173869520285, 2769.3278988701, -274.5208208115971, -154.86260240660522, 90.49425382430769, 259.4534492896639, 2438.604759887839, -347.6088820222469, -337.7555958956258]
INFO:root:[{'pi': [64, 64, 32, 32], 'vf': [64, 64, 32, 32]}]
INFO:root:[-0.1517486962590624, -123.2550097278737, -111.39294621018291, 1143.0275198262273, -162.4980108386319, 1086.7805594969268, 14.936404141942717, -62.00115623235308, 74.9038557434273, 1466.6904206060037, 3957.953014773017, 3921.2474181275525, 4326.189164604059, 13.06911107440834, 4289.045960470889, 105.01093353560356, 35.30452727476603, -63.87562011277532, 8.593363199760745, 3.5811115938452645]
INFO:root:[{'pi': [64, 64, 32, 32], 'vf': [64, 64, 32, 32]}]
INFO:root:[{'pi': [64, 64, 32, 32], 'vf': [64, 64, 32, 32]}]
INFO:root:[{'pi': [64, 64, 32, 32], 'vf': [64, 64, 32, 32]}]
INFO:root:[{'pi': [64, 64, 32, 32], 'vf': [64, 64, 32, 32]}]
INFO:root:[{'pi': [64, 64, 32, 32], 'vf': [64, 64, 32, 32]}]
INFO:root:[{'pi': [64, 64, 32, 32], 'vf': [64, 64, 32, 32]}]
INFO:root:[{'pi': [64, 64, 32, 32], 'vf': [64, 64, 32, 32]}]
INFO:root:[{'pi': [64, 64, 32, 32], 'vf': [64, 64, 32, 32]}]
INFO:root:[234.03726862002645, -384.1525115438941, 81.66235244087369, 0.8690683130812431, 1196.8963338673232, 17.04117931621471, -180.8077248063749, -76.74757587803805, 107.19307721389401, 127.8123990919413, 1112.7317106968735, 1309.3705863684768, 1060.1119989190618, 1111.4781043848463, 85.84259457383376, 22.882718588895784, 3.403512041089641, 1174.2651226958778, -16.458800325630705, -21.173233544406685]
INFO:root:[{'pi': [64, 64, 32, 32], 'vf': [64, 64, 32, 32]}]
INFO:root:[1062.5827082412175, 4.254970718508389, 1482.782605517105, 1047.6250946734162, 1173.7025280684054, -3.5978650611705802, 74.8956466897884, -0.057700451698110555, 1465.7603280289104, 1160.1510217569632, -247.37019015867816, 1147.2030432705094, 1249.6202135411802, 1343.4543364884512, 1474.7680267808366, 1316.770016656975, 1176.5652302477092, 1113.6483165396974, 65.69793609087111, -145.32204251601604]
